<?xml version="1.0" encoding="UTF-8"?>
<!-- Generated by org.testng.reporters.JUnitXMLReporter -->
<testsuite ignored="0" hostname="LAPTOP-AS3VML0D" failures="1" tests="1" name="Test firefox" time="0.014" errors="0" timestamp="2023-01-26T10:37:38 IST">
  <testcase classname="testNG.aa" name="TC1" time="0.0">
    <failure type="org.testng.TestNGException" message="
Parameter &amp;apos;Browsername&amp;apos; is required by @Test on method TC1 but has not been marked @Optional or defined
in C:\Users\91965\eclipse-workspace\Rajendra1\testngsample1.xml">
      <![CDATA[org.testng.TestNGException: 
Parameter 'Browsername' is required by @Test on method TC1 but has not been marked @Optional or defined
in C:\Users\91965\eclipse-workspace\Rajendra1\testngsample1.xml
at java.base/java.util.ArrayList.forEach(ArrayList.java:1511)
... Removed 26 stack frames]]>
    </failure>
  </testcase> <!-- TC1 -->
</testsuite> <!-- Test firefox -->
